2016-06-19 16:04:24 - DEBUG --> EMF MySQL Login Successful! 
2016-06-19 16:04:24 - DEBUG -->  
2016-06-19 16:04:52 - DEBUG --> EMF MySQL Login Successful! 
2016-06-19 16:04:52 - DEBUG -->  
2016-06-19 16:05:15 - DEBUG --> EMF MySQL Login Successful! 
2016-06-19 16:05:15 - DEBUG -->  
2016-06-19 16:11:48 - DEBUG --> EMF MySQL Login Successful! 
2016-06-19 16:12:21 - DEBUG --> EMF MySQL Login Successful! 
2016-06-19 16:14:06 - DEBUG --> EMF MySQL Login Successful! 
2016-06-19 16:15:46 - DEBUG --> EMF MySQL Login Successful! 
2016-06-19 16:18:38 - DEBUG --> EMF MySQL Login Successful! 
2016-06-19 16:30:06 - DEBUG --> EMF MySQL Login Successful! 
2016-06-19 16:30:49 - DEBUG --> EMF MySQL Login Successful! 
2016-06-19 16:31:17 - DEBUG --> EMF MySQL Login Successful! 
2016-06-19 16:31:56 - DEBUG --> EMF MySQL Login Successful! 
2016-06-19 17:10:37 - DEBUG --> EMF MySQL Login Successful! 
2016-06-19 17:10:55 - DEBUG --> EMF MySQL Login Successful! 
2016-06-19 17:11:36 - DEBUG --> EMF MySQL Login Successful! 
2016-06-19 17:12:24 - DEBUG --> EMF MySQL Login Successful! 
2016-06-19 17:14:05 - DEBUG --> EMF MySQL Login Successful! 
2016-06-19 17:14:22 - DEBUG --> EMF MySQL Login Successful! 
2016-06-19 17:15:14 - DEBUG --> EMF MySQL Login Successful! 
2016-06-19 18:53:09 - DEBUG --> EMF MySQL Login Successful! 
2016-06-19 18:53:09 - DEBUG --> {"q_database":"WIKI","q_dataset":"AAPL","use_cache":"false"} 
2016-06-19 18:53:09 - DEBUG --> here2 
2016-06-19 18:53:09 - DEBUG --> here3 
2016-06-19 18:53:09 - DEBUG --> here 
2016-06-19 18:53:13 - DEBUG -->  
2016-06-19 18:53:13 - DEBUG --> EMF MySQL Login Successful! 
